* installing *source* package ‘BayesGP’ ...
** using staged installation
** libs
using C++ compiler: ‘Apple clang version 13.1.6 (clang-1316.0.21.2.5)’
using SDK: ‘MacOSX12.3.sdk’
clang++ -arch arm64 -std=gnu++17 -I"/Library/Frameworks/R.framework/Resources/include" -DNDEBUG  -I'/Library/Frameworks/R.framework/Versions/4.3-arm64/Resources/library/TMB/include' -I'/Library/Frameworks/R.framework/Versions/4.3-arm64/Resources/library/RcppEigen/include' -I/opt/R/arm64/include    -fPIC  -falign-functions=64 -Wall -g -O2  -c BayesGP.cpp -o BayesGP.o
clang++ -arch arm64 -std=gnu++17 -dynamiclib -Wl,-headerpad_max_install_names -undefined dynamic_lookup -single_module -multiply_defined suppress -L/Library/Frameworks/R.framework/Resources/lib -L/opt/R/arm64/lib -o BayesGP.so BayesGP.o -F/Library/Frameworks/R.framework/.. -framework R -Wl,-framework -Wl,CoreFoundation
installing to /Users/ziangzhang/Desktop/BayesGP/BayesGP.Rcheck/00LOCK-BayesGP/00new/BayesGP/libs
** R
** data
*** moving datasets to lazyload DB
** inst
** byte-compile and prepare package for lazy loading
** help
*** installing help indices
*** copying figures
** building package indices
** installing vignettes
** testing if installed package can be loaded from temporary location
** checking absolute paths in shared objects and dynamic libraries
** testing if installed package can be loaded from final location
** testing if installed package keeps a record of temporary installation path
* DONE (BayesGP)
